14/06/2022 10:57:59 [    INFO] ------------------------ (loader_engine.py:14)
14/06/2022 10:57:59 [    INFO] Start loader_engine https://page-loader.hexlet.repl.co/ (loader_engine.py:15)
14/06/2022 10:57:59 [    INFO] ------------------------ (loader_engine.py:16)
14/06/2022 10:57:59 [   DEBUG] Starting new HTTPS connection (1): page-loader.hexlet.repl.co:443 (connectionpool.py:1001)
14/06/2022 10:58:04 [   DEBUG] https://page-loader.hexlet.repl.co:443 "GET / HTTP/1.1" 200 594 (connectionpool.py:456)
14/06/2022 10:58:04 [   ERROR] directory /home/victor/python/test/page-loader-hexlet-repl-co_files already exists. Can't be created (downloader.py:40)
14/06/2022 10:58:04 [    INFO] trying to download file: https://page-loader.hexlet.repl.co/assets/professions/nodejs.png with name page-loader-hexlet-repl-co-assets-professions-nodejs.png (downloader.py:107)
14/06/2022 10:58:04 [   DEBUG] Starting new HTTPS connection (1): page-loader.hexlet.repl.co:443 (connectionpool.py:1001)
14/06/2022 10:58:05 [   DEBUG] https://page-loader.hexlet.repl.co:443 "GET /assets/professions/nodejs.png HTTP/1.1" 200 11765 (connectionpool.py:456)
14/06/2022 10:58:05 [    INFO] file page-loader-hexlet-repl-co-assets-professions-nodejs.png downloaded in /home/victor/python/test/page-loader-hexlet-repl-co_files (downloader.py:117)
14/06/2022 10:58:05 [    INFO] name /assets/professions/nodejs.png replaced with page-loader-hexlet-repl-co_files/page-loader-hexlet-repl-co-assets-professions-nodejs.png (downloader.py:204)
14/06/2022 10:58:05 [    INFO] trying to download file: https://page-loader.hexlet.repl.co/assets/application.css with name page-loader-hexlet-repl-co-assets-application.css (downloader.py:107)
14/06/2022 10:58:05 [   DEBUG] Starting new HTTPS connection (1): page-loader.hexlet.repl.co:443 (connectionpool.py:1001)
14/06/2022 10:58:05 [   DEBUG] https://page-loader.hexlet.repl.co:443 "GET /assets/application.css HTTP/1.1" 200 28 (connectionpool.py:456)
14/06/2022 10:58:05 [    INFO] file page-loader-hexlet-repl-co-assets-application.css downloaded in /home/victor/python/test/page-loader-hexlet-repl-co_files (downloader.py:117)
14/06/2022 10:58:05 [    INFO] name /assets/application.css replaced with page-loader-hexlet-repl-co_files/page-loader-hexlet-repl-co-assets-application.css (downloader.py:204)
14/06/2022 10:58:05 [    INFO] trying to download file: https://page-loader.hexlet.repl.co/courses with name page-loader-hexlet-repl-co-courses.html (downloader.py:107)
14/06/2022 10:58:05 [   DEBUG] Starting new HTTPS connection (1): page-loader.hexlet.repl.co:443 (connectionpool.py:1001)
14/06/2022 10:58:10 [   DEBUG] https://page-loader.hexlet.repl.co:443 "GET /courses HTTP/1.1" 302 32 (connectionpool.py:456)
14/06/2022 10:58:11 [   DEBUG] https://page-loader.hexlet.repl.co:443 "GET /courses/ HTTP/1.1" 200 594 (connectionpool.py:456)
14/06/2022 10:58:11 [    INFO] file page-loader-hexlet-repl-co-courses.html downloaded in /home/victor/python/test/page-loader-hexlet-repl-co_files (downloader.py:117)
14/06/2022 10:58:11 [    INFO] name /courses replaced with page-loader-hexlet-repl-co_files/page-loader-hexlet-repl-co-courses.html (downloader.py:204)
14/06/2022 10:58:11 [    INFO] trying to download file: https://page-loader.hexlet.repl.co/script.js with name page-loader-hexlet-repl-co-script.js (downloader.py:107)
14/06/2022 10:58:11 [   DEBUG] Starting new HTTPS connection (1): page-loader.hexlet.repl.co:443 (connectionpool.py:1001)
14/06/2022 10:58:11 [   DEBUG] https://page-loader.hexlet.repl.co:443 "GET /script.js HTTP/1.1" 200 35 (connectionpool.py:456)
14/06/2022 10:58:11 [    INFO] file page-loader-hexlet-repl-co-script.js downloaded in /home/victor/python/test/page-loader-hexlet-repl-co_files (downloader.py:117)
14/06/2022 10:58:11 [    INFO] name /script.js replaced with page-loader-hexlet-repl-co_files/page-loader-hexlet-repl-co-script.js (downloader.py:204)
14/06/2022 10:58:11 [    INFO] ------------------------ (loader_engine.py:29)
14/06/2022 10:58:11 [    INFO] Finish loader_engine (loader_engine.py:30)
14/06/2022 10:58:11 [    INFO] ------------------------ (loader_engine.py:31)
14/06/2022 10:58:11 [   DEBUG] GET https://page-loader.hexlet.repl.co/ 200 (adapter.py:256)
14/06/2022 10:58:11 [   DEBUG] GET https://page-loader.hexlet.repl.co/ 200 (adapter.py:256)
14/06/2022 10:58:11 [    INFO] ------------------------ (loader_engine.py:14)
14/06/2022 10:58:11 [    INFO] Start loader_engine https://page-loader.hexlet.repl.co/ (loader_engine.py:15)
14/06/2022 10:58:11 [    INFO] ------------------------ (loader_engine.py:16)
14/06/2022 10:58:11 [   DEBUG] GET https://page-loader.hexlet.repl.co/ 200 (adapter.py:256)
14/06/2022 10:58:11 [ WARNING] file packs/js/script.js is not valid and won't be downloaded (downloader.py:140)
14/06/2022 10:58:11 [    INFO] name /assets/professions/nodejs.png replaced with page-loader-hexlet-repl-co_files/page-loader-hexlet-repl-co-assets-professions-nodejs.png (downloader.py:204)
14/06/2022 10:58:11 [    INFO] name /assets/application.css replaced with page-loader-hexlet-repl-co_files/page-loader-hexlet-repl-co-assets-application.css (downloader.py:204)
14/06/2022 10:58:11 [    INFO] name /courses replaced with page-loader-hexlet-repl-co_files/page-loader-hexlet-repl-co-courses.html (downloader.py:204)
14/06/2022 10:58:11 [    INFO] name https://page-loader.hexlet.repl.co/packs/js/script.js replaced with page-loader-hexlet-repl-co_files/page-loader-hexlet-repl-co-packs-js-script.js (downloader.py:204)
14/06/2022 10:58:11 [    INFO] ------------------------ (loader_engine.py:29)
14/06/2022 10:58:11 [    INFO] Finish loader_engine (loader_engine.py:30)
14/06/2022 10:58:11 [    INFO] ------------------------ (loader_engine.py:31)
14/06/2022 11:17:34 INFO: ------------------------
14/06/2022 11:17:34 INFO: Start loader_engine https://page-loader.hexlet.repl.co/
14/06/2022 11:17:34 INFO: ------------------------
14/06/2022 11:17:34 ERROR: directory /home/victor/python/test/page-loader-hexlet-repl-co_files already exists. Can't be created
14/06/2022 11:17:34 INFO: trying to download file: https://page-loader.hexlet.repl.co/assets/professions/nodejs.png with name page-loader-hexlet-repl-co-assets-professions-nodejs.png
14/06/2022 11:17:35 INFO: file page-loader-hexlet-repl-co-assets-professions-nodejs.png downloaded in /home/victor/python/test/page-loader-hexlet-repl-co_files
14/06/2022 11:17:35 INFO: name /assets/professions/nodejs.png replaced with page-loader-hexlet-repl-co_files/page-loader-hexlet-repl-co-assets-professions-nodejs.png
14/06/2022 11:17:35 INFO: trying to download file: https://page-loader.hexlet.repl.co/assets/application.css with name page-loader-hexlet-repl-co-assets-application.css
14/06/2022 11:17:35 INFO: file page-loader-hexlet-repl-co-assets-application.css downloaded in /home/victor/python/test/page-loader-hexlet-repl-co_files
14/06/2022 11:17:35 INFO: name /assets/application.css replaced with page-loader-hexlet-repl-co_files/page-loader-hexlet-repl-co-assets-application.css
14/06/2022 11:17:35 INFO: trying to download file: https://page-loader.hexlet.repl.co/courses with name page-loader-hexlet-repl-co-courses.html
14/06/2022 11:17:36 INFO: file page-loader-hexlet-repl-co-courses.html downloaded in /home/victor/python/test/page-loader-hexlet-repl-co_files
14/06/2022 11:17:36 INFO: name /courses replaced with page-loader-hexlet-repl-co_files/page-loader-hexlet-repl-co-courses.html
14/06/2022 11:17:36 INFO: trying to download file: https://page-loader.hexlet.repl.co/script.js with name page-loader-hexlet-repl-co-script.js
14/06/2022 11:17:41 INFO: file page-loader-hexlet-repl-co-script.js downloaded in /home/victor/python/test/page-loader-hexlet-repl-co_files
14/06/2022 11:17:41 INFO: name /script.js replaced with page-loader-hexlet-repl-co_files/page-loader-hexlet-repl-co-script.js
14/06/2022 11:17:41 INFO: ------------------------
14/06/2022 11:17:41 INFO: Finish loader_engine
14/06/2022 11:17:41 INFO: ------------------------
15/06/2022 08:53:04 INFO: ------------------------
15/06/2022 08:53:04 INFO: Start loader_engine https://page-loader.hexlet.repl.co/
15/06/2022 08:53:04 INFO: ------------------------
15/06/2022 08:53:11 ERROR: directory /home/victor/python/test/page-loader-hexlet-repl-co_files already exists. Can't be created
15/06/2022 08:55:16 INFO: ------------------------
15/06/2022 08:55:16 INFO: Start loader_engine https://page-loader.hexlet.repl.co/
15/06/2022 08:55:16 INFO: ------------------------
15/06/2022 08:55:16 ERROR: directory /home/victor/python/test/page-loader-hexlet-repl-co_files already exists. Can't be created
15/06/2022 09:00:23 INFO: ------------------------
15/06/2022 09:00:23 INFO: Start loader_engine https://page-loader.hexlet.repl.co/
15/06/2022 09:00:23 INFO: ------------------------
15/06/2022 09:00:34 ERROR: directory /home/victor/python/test/page-loader-hexlet-repl-co_files already exists. Can't be created
15/06/2022 09:09:44 INFO: ------------------------
15/06/2022 09:09:44 INFO: Start loader_engine https://page-loader.hexlet.repl.co/
15/06/2022 09:09:44 INFO: ------------------------
15/06/2022 09:09:48 ERROR: directory /home/victor/python/test/page-loader-hexlet-repl-co_files already exists. Can't be created
15/06/2022 09:10:10 INFO: ------------------------
15/06/2022 09:10:10 INFO: Start loader_engine https://page-loader.hexlet.repl.co/
15/06/2022 09:10:10 INFO: ------------------------
15/06/2022 09:10:11 INFO: trying to download file: https://page-loader.hexlet.repl.co/assets/professions/nodejs.png with name page-loader-hexlet-repl-co-assets-professions-nodejs.png
15/06/2022 09:10:16 INFO: file page-loader-hexlet-repl-co-assets-professions-nodejs.png downloaded in /home/victor/python/test/page-loader-hexlet-repl-co_files
15/06/2022 09:10:16 INFO: name /assets/professions/nodejs.png replaced with page-loader-hexlet-repl-co_files/page-loader-hexlet-repl-co-assets-professions-nodejs.png
15/06/2022 09:10:16 INFO: trying to download file: https://page-loader.hexlet.repl.co/assets/application.css with name page-loader-hexlet-repl-co-assets-application.css
15/06/2022 09:10:22 INFO: file page-loader-hexlet-repl-co-assets-application.css downloaded in /home/victor/python/test/page-loader-hexlet-repl-co_files
15/06/2022 09:10:22 INFO: name /assets/application.css replaced with page-loader-hexlet-repl-co_files/page-loader-hexlet-repl-co-assets-application.css
15/06/2022 09:10:22 INFO: trying to download file: https://page-loader.hexlet.repl.co/courses with name page-loader-hexlet-repl-co-courses.html
15/06/2022 09:10:23 INFO: file page-loader-hexlet-repl-co-courses.html downloaded in /home/victor/python/test/page-loader-hexlet-repl-co_files
15/06/2022 09:10:23 INFO: name /courses replaced with page-loader-hexlet-repl-co_files/page-loader-hexlet-repl-co-courses.html
15/06/2022 09:10:23 INFO: trying to download file: https://page-loader.hexlet.repl.co/script.js with name page-loader-hexlet-repl-co-script.js
15/06/2022 09:10:29 INFO: file page-loader-hexlet-repl-co-script.js downloaded in /home/victor/python/test/page-loader-hexlet-repl-co_files
15/06/2022 09:10:29 INFO: name /script.js replaced with page-loader-hexlet-repl-co_files/page-loader-hexlet-repl-co-script.js
15/06/2022 09:10:29 INFO: ------------------------
15/06/2022 09:10:29 INFO: Finish loader_engine
15/06/2022 09:10:29 INFO: ------------------------
15/06/2022 09:13:45 INFO: ------------------------
15/06/2022 09:13:45 INFO: Start loader_engine https://page-loader.hexlet.repl.co/
15/06/2022 09:13:45 INFO: ------------------------
15/06/2022 09:13:50 INFO: trying to download file: 'https://page-loader.hexlet.repl.co/assets/professions/nodejs.png' with name 'page-loader-hexlet-repl-co-assets-professions-nodejs.png'
15/06/2022 09:13:51 INFO: file 'page-loader-hexlet-repl-co-assets-professions-nodejs.png' downloaded in '/home/victor/python/test/page-loader-hexlet-repl-co_files'
15/06/2022 09:13:51 INFO: name /assets/professions/nodejs.png replaced with page-loader-hexlet-repl-co_files/page-loader-hexlet-repl-co-assets-professions-nodejs.png
15/06/2022 09:13:51 INFO: trying to download file: 'https://page-loader.hexlet.repl.co/assets/application.css' with name 'page-loader-hexlet-repl-co-assets-application.css'
15/06/2022 09:13:51 INFO: file 'page-loader-hexlet-repl-co-assets-application.css' downloaded in '/home/victor/python/test/page-loader-hexlet-repl-co_files'
15/06/2022 09:13:51 INFO: name /assets/application.css replaced with page-loader-hexlet-repl-co_files/page-loader-hexlet-repl-co-assets-application.css
15/06/2022 09:13:51 INFO: trying to download file: 'https://page-loader.hexlet.repl.co/courses' with name 'page-loader-hexlet-repl-co-courses.html'
15/06/2022 09:14:02 INFO: file 'page-loader-hexlet-repl-co-courses.html' downloaded in '/home/victor/python/test/page-loader-hexlet-repl-co_files'
15/06/2022 09:14:02 INFO: name /courses replaced with page-loader-hexlet-repl-co_files/page-loader-hexlet-repl-co-courses.html
15/06/2022 09:14:02 INFO: trying to download file: 'https://page-loader.hexlet.repl.co/script.js' with name 'page-loader-hexlet-repl-co-script.js'
15/06/2022 09:14:07 INFO: file 'page-loader-hexlet-repl-co-script.js' downloaded in '/home/victor/python/test/page-loader-hexlet-repl-co_files'
15/06/2022 09:14:07 INFO: name /script.js replaced with page-loader-hexlet-repl-co_files/page-loader-hexlet-repl-co-script.js
15/06/2022 09:14:07 INFO: ------------------------
15/06/2022 09:14:07 INFO: Finish loader_engine
15/06/2022 09:14:07 INFO: ------------------------
15/06/2022 09:14:49 INFO: 
Start loader_engine https://page-loader.hexlet.repl.co/
15/06/2022 09:14:49 ERROR: directory '/home/victor/python/test/page-loader-hexlet-repl-co_files' already exists. Can't be created
15/06/2022 09:15:14 INFO: Start loader_engine https://page-loader.hexlet.repl.co/
15/06/2022 09:15:20 ERROR: directory '/home/victor/python/test/page-loader-hexlet-repl-co_files' already exists. Can't be created
15/06/2022 09:15:26 INFO: Start loader_engine https://page-loader.hexlet.repl.co/
15/06/2022 09:15:26 INFO: trying to download file: 'https://page-loader.hexlet.repl.co/assets/professions/nodejs.png' with name 'page-loader-hexlet-repl-co-assets-professions-nodejs.png'
15/06/2022 09:15:28 INFO: file 'page-loader-hexlet-repl-co-assets-professions-nodejs.png' downloaded in '/home/victor/python/test/page-loader-hexlet-repl-co_files'
15/06/2022 09:15:28 INFO: name /assets/professions/nodejs.png replaced with page-loader-hexlet-repl-co_files/page-loader-hexlet-repl-co-assets-professions-nodejs.png
15/06/2022 09:15:28 INFO: trying to download file: 'https://page-loader.hexlet.repl.co/assets/application.css' with name 'page-loader-hexlet-repl-co-assets-application.css'
15/06/2022 09:15:35 INFO: file 'page-loader-hexlet-repl-co-assets-application.css' downloaded in '/home/victor/python/test/page-loader-hexlet-repl-co_files'
15/06/2022 09:15:35 INFO: name /assets/application.css replaced with page-loader-hexlet-repl-co_files/page-loader-hexlet-repl-co-assets-application.css
15/06/2022 09:15:35 INFO: trying to download file: 'https://page-loader.hexlet.repl.co/courses' with name 'page-loader-hexlet-repl-co-courses.html'
15/06/2022 09:15:37 INFO: file 'page-loader-hexlet-repl-co-courses.html' downloaded in '/home/victor/python/test/page-loader-hexlet-repl-co_files'
15/06/2022 09:15:37 INFO: name /courses replaced with page-loader-hexlet-repl-co_files/page-loader-hexlet-repl-co-courses.html
15/06/2022 09:15:37 INFO: trying to download file: 'https://page-loader.hexlet.repl.co/script.js' with name 'page-loader-hexlet-repl-co-script.js'
15/06/2022 09:15:40 INFO: file 'page-loader-hexlet-repl-co-script.js' downloaded in '/home/victor/python/test/page-loader-hexlet-repl-co_files'
15/06/2022 09:15:40 INFO: name /script.js replaced with page-loader-hexlet-repl-co_files/page-loader-hexlet-repl-co-script.js
15/06/2022 09:15:40 INFO: Finish loader_engine

15/06/2022 09:15:53 INFO: Start loader_engine https://page-loader.hexlet.repl.co/
15/06/2022 09:15:54 ERROR: directory '/home/victor/python/test/page-loader-hexlet-repl-co_files' already exists. Can't be created
15/06/2022 09:16:36 INFO: Start loader_engine https://page-loader.hexlet.repl.co/
15/06/2022 09:16:36 DEBUG: Starting new HTTPS connection (1): page-loader.hexlet.repl.co:443
15/06/2022 09:16:36 DEBUG: https://page-loader.hexlet.repl.co:443 "GET / HTTP/1.1" 200 594
15/06/2022 09:16:36 INFO: trying to download file: 'https://page-loader.hexlet.repl.co/assets/professions/nodejs.png' with name 'page-loader-hexlet-repl-co-assets-professions-nodejs.png'
15/06/2022 09:16:36 DEBUG: Starting new HTTPS connection (1): page-loader.hexlet.repl.co:443
15/06/2022 09:16:37 DEBUG: https://page-loader.hexlet.repl.co:443 "GET /assets/professions/nodejs.png HTTP/1.1" 200 11765
15/06/2022 09:16:37 INFO: file 'page-loader-hexlet-repl-co-assets-professions-nodejs.png' downloaded in '/home/victor/python/test/page-loader-hexlet-repl-co_files'
15/06/2022 09:16:37 INFO: name /assets/professions/nodejs.png replaced with page-loader-hexlet-repl-co_files/page-loader-hexlet-repl-co-assets-professions-nodejs.png
15/06/2022 09:16:37 INFO: trying to download file: 'https://page-loader.hexlet.repl.co/assets/application.css' with name 'page-loader-hexlet-repl-co-assets-application.css'
15/06/2022 09:16:37 DEBUG: Starting new HTTPS connection (1): page-loader.hexlet.repl.co:443
15/06/2022 09:16:52 DEBUG: https://page-loader.hexlet.repl.co:443 "GET /assets/application.css HTTP/1.1" 200 28
15/06/2022 09:16:52 INFO: file 'page-loader-hexlet-repl-co-assets-application.css' downloaded in '/home/victor/python/test/page-loader-hexlet-repl-co_files'
15/06/2022 09:16:52 INFO: name /assets/application.css replaced with page-loader-hexlet-repl-co_files/page-loader-hexlet-repl-co-assets-application.css
15/06/2022 09:16:52 INFO: trying to download file: 'https://page-loader.hexlet.repl.co/courses' with name 'page-loader-hexlet-repl-co-courses.html'
15/06/2022 09:16:52 DEBUG: Starting new HTTPS connection (1): page-loader.hexlet.repl.co:443
15/06/2022 09:16:57 DEBUG: https://page-loader.hexlet.repl.co:443 "GET /courses HTTP/1.1" 302 32
15/06/2022 09:16:58 DEBUG: https://page-loader.hexlet.repl.co:443 "GET /courses/ HTTP/1.1" 200 594
15/06/2022 09:16:58 INFO: file 'page-loader-hexlet-repl-co-courses.html' downloaded in '/home/victor/python/test/page-loader-hexlet-repl-co_files'
15/06/2022 09:16:58 INFO: name /courses replaced with page-loader-hexlet-repl-co_files/page-loader-hexlet-repl-co-courses.html
15/06/2022 09:16:58 INFO: trying to download file: 'https://page-loader.hexlet.repl.co/script.js' with name 'page-loader-hexlet-repl-co-script.js'
15/06/2022 09:16:58 DEBUG: Starting new HTTPS connection (1): page-loader.hexlet.repl.co:443
15/06/2022 09:16:58 DEBUG: https://page-loader.hexlet.repl.co:443 "GET /script.js HTTP/1.1" 200 35
15/06/2022 09:16:58 INFO: file 'page-loader-hexlet-repl-co-script.js' downloaded in '/home/victor/python/test/page-loader-hexlet-repl-co_files'
15/06/2022 09:16:58 INFO: name /script.js replaced with page-loader-hexlet-repl-co_files/page-loader-hexlet-repl-co-script.js
15/06/2022 09:16:58 INFO: Finish loader_engine

15/06/2022 09:17:30 INFO: Start loader_engine https://page-loader.hexlet.repl.co/
15/06/2022 09:17:30 DEBUG: Starting new HTTPS connection (1): page-loader.hexlet.repl.co:443
15/06/2022 09:17:45 DEBUG: https://page-loader.hexlet.repl.co:443 "GET / HTTP/1.1" 200 594
15/06/2022 09:17:45 ERROR: directory '/home/victor/python/test/page-loader-hexlet-repl-co_files' already exists. Can't be created
15/06/2022 09:17:53 INFO: Start loader_engine https://page-loader.hexlet.repl.co/
15/06/2022 09:17:53 DEBUG: Starting new HTTPS connection (1): page-loader.hexlet.repl.co:443
15/06/2022 09:17:59 DEBUG: https://page-loader.hexlet.repl.co:443 "GET / HTTP/1.1" 200 594
15/06/2022 09:17:59 INFO: trying to download file: 'https://page-loader.hexlet.repl.co/assets/professions/nodejs.png' with name 'page-loader-hexlet-repl-co-assets-professions-nodejs.png'
15/06/2022 09:17:59 DEBUG: Starting new HTTPS connection (1): page-loader.hexlet.repl.co:443
15/06/2022 09:17:59 DEBUG: https://page-loader.hexlet.repl.co:443 "GET /assets/professions/nodejs.png HTTP/1.1" 200 11765
15/06/2022 09:17:59 INFO: file 'page-loader-hexlet-repl-co-assets-professions-nodejs.png' downloaded in '/home/victor/python/test/page-loader-hexlet-repl-co_files'
15/06/2022 09:17:59 INFO: name /assets/professions/nodejs.png replaced with page-loader-hexlet-repl-co_files/page-loader-hexlet-repl-co-assets-professions-nodejs.png
15/06/2022 09:17:59 INFO: trying to download file: 'https://page-loader.hexlet.repl.co/assets/application.css' with name 'page-loader-hexlet-repl-co-assets-application.css'
15/06/2022 09:17:59 DEBUG: Starting new HTTPS connection (1): page-loader.hexlet.repl.co:443
15/06/2022 09:18:04 DEBUG: https://page-loader.hexlet.repl.co:443 "GET /assets/application.css HTTP/1.1" 200 28
15/06/2022 09:18:04 INFO: file 'page-loader-hexlet-repl-co-assets-application.css' downloaded in '/home/victor/python/test/page-loader-hexlet-repl-co_files'
15/06/2022 09:18:04 INFO: name /assets/application.css replaced with page-loader-hexlet-repl-co_files/page-loader-hexlet-repl-co-assets-application.css
15/06/2022 09:18:04 INFO: trying to download file: 'https://page-loader.hexlet.repl.co/courses' with name 'page-loader-hexlet-repl-co-courses.html'
15/06/2022 09:18:04 DEBUG: Starting new HTTPS connection (1): page-loader.hexlet.repl.co:443
15/06/2022 09:18:05 DEBUG: https://page-loader.hexlet.repl.co:443 "GET /courses HTTP/1.1" 302 32
15/06/2022 09:18:05 DEBUG: https://page-loader.hexlet.repl.co:443 "GET /courses/ HTTP/1.1" 200 594
15/06/2022 09:18:05 INFO: file 'page-loader-hexlet-repl-co-courses.html' downloaded in '/home/victor/python/test/page-loader-hexlet-repl-co_files'
15/06/2022 09:18:05 INFO: name /courses replaced with page-loader-hexlet-repl-co_files/page-loader-hexlet-repl-co-courses.html
15/06/2022 09:18:05 INFO: trying to download file: 'https://page-loader.hexlet.repl.co/script.js' with name 'page-loader-hexlet-repl-co-script.js'
15/06/2022 09:18:05 DEBUG: Starting new HTTPS connection (1): page-loader.hexlet.repl.co:443
15/06/2022 09:18:11 DEBUG: https://page-loader.hexlet.repl.co:443 "GET /script.js HTTP/1.1" 200 35
15/06/2022 09:18:11 INFO: file 'page-loader-hexlet-repl-co-script.js' downloaded in '/home/victor/python/test/page-loader-hexlet-repl-co_files'
15/06/2022 09:18:11 INFO: name /script.js replaced with page-loader-hexlet-repl-co_files/page-loader-hexlet-repl-co-script.js
15/06/2022 09:18:11 INFO: Finish loader_engine

15/06/2022 09:20:03 ERROR: directory '/home/victor/python/test/page-loader-hexlet-repl-co_files' already exists. Can't be created
15/06/2022 09:23:10 INFO: Start loader_engine https://page-loader.hexlet.repl.co/
15/06/2022 09:23:10 DEBUG: Starting new HTTPS connection (1): page-loader.hexlet.repl.co:443
15/06/2022 09:23:10 DEBUG: https://page-loader.hexlet.repl.co:443 "GET / HTTP/1.1" 200 594
15/06/2022 09:23:10 INFO: trying to download file: 'https://page-loader.hexlet.repl.co/assets/professions/nodejs.png' with name 'page-loader-hexlet-repl-co-assets-professions-nodejs.png'
15/06/2022 09:23:10 DEBUG: Starting new HTTPS connection (1): page-loader.hexlet.repl.co:443
15/06/2022 09:23:19 DEBUG: https://page-loader.hexlet.repl.co:443 "GET /assets/professions/nodejs.png HTTP/1.1" 200 11765
15/06/2022 09:23:19 INFO: file 'page-loader-hexlet-repl-co-assets-professions-nodejs.png' downloaded in '/home/victor/python/test/page-loader-hexlet-repl-co_files'
15/06/2022 09:23:19 INFO: name /assets/professions/nodejs.png replaced with page-loader-hexlet-repl-co_files/page-loader-hexlet-repl-co-assets-professions-nodejs.png
15/06/2022 09:23:19 INFO: trying to download file: 'https://page-loader.hexlet.repl.co/assets/application.css' with name 'page-loader-hexlet-repl-co-assets-application.css'
15/06/2022 09:23:19 DEBUG: Starting new HTTPS connection (1): page-loader.hexlet.repl.co:443
15/06/2022 09:23:25 DEBUG: https://page-loader.hexlet.repl.co:443 "GET /assets/application.css HTTP/1.1" 200 28
15/06/2022 09:23:25 INFO: file 'page-loader-hexlet-repl-co-assets-application.css' downloaded in '/home/victor/python/test/page-loader-hexlet-repl-co_files'
15/06/2022 09:23:25 INFO: name /assets/application.css replaced with page-loader-hexlet-repl-co_files/page-loader-hexlet-repl-co-assets-application.css
15/06/2022 09:23:25 INFO: trying to download file: 'https://page-loader.hexlet.repl.co/courses' with name 'page-loader-hexlet-repl-co-courses.html'
15/06/2022 09:23:25 DEBUG: Starting new HTTPS connection (1): page-loader.hexlet.repl.co:443
15/06/2022 09:23:25 DEBUG: https://page-loader.hexlet.repl.co:443 "GET /courses HTTP/1.1" 302 32
15/06/2022 09:23:25 DEBUG: https://page-loader.hexlet.repl.co:443 "GET /courses/ HTTP/1.1" 200 594
15/06/2022 09:23:25 INFO: file 'page-loader-hexlet-repl-co-courses.html' downloaded in '/home/victor/python/test/page-loader-hexlet-repl-co_files'
15/06/2022 09:23:25 INFO: name /courses replaced with page-loader-hexlet-repl-co_files/page-loader-hexlet-repl-co-courses.html
15/06/2022 09:23:25 INFO: trying to download file: 'https://page-loader.hexlet.repl.co/script.js' with name 'page-loader-hexlet-repl-co-script.js'
15/06/2022 09:23:25 DEBUG: Starting new HTTPS connection (1): page-loader.hexlet.repl.co:443
15/06/2022 09:23:26 DEBUG: https://page-loader.hexlet.repl.co:443 "GET /script.js HTTP/1.1" 200 35
15/06/2022 09:23:26 INFO: file 'page-loader-hexlet-repl-co-script.js' downloaded in '/home/victor/python/test/page-loader-hexlet-repl-co_files'
15/06/2022 09:23:26 INFO: name /script.js replaced with page-loader-hexlet-repl-co_files/page-loader-hexlet-repl-co-script.js
15/06/2022 09:23:26 INFO: Finish loader_engine

15/06/2022 09:24:37 INFO: Start loader_engine https://page-loader.hexlet.repl.co/
15/06/2022 09:24:37 DEBUG: Starting new HTTPS connection (1): page-loader.hexlet.repl.co:443
15/06/2022 09:24:38 DEBUG: https://page-loader.hexlet.repl.co:443 "GET / HTTP/1.1" 200 594
15/06/2022 09:24:38 ERROR: directory '/home/victor/python/test/page-loader-hexlet-repl-co_files' already exists. Can't be created

15/06/2022 09:24:44 INFO: Start loader_engine https://page-loader.hexlet.repl.co/
15/06/2022 09:24:44 DEBUG: Starting new HTTPS connection (1): page-loader.hexlet.repl.co:443
15/06/2022 09:24:44 DEBUG: https://page-loader.hexlet.repl.co:443 "GET / HTTP/1.1" 200 594
15/06/2022 09:24:44 INFO: trying to download file: 'https://page-loader.hexlet.repl.co/assets/professions/nodejs.png' with name 'page-loader-hexlet-repl-co-assets-professions-nodejs.png'
15/06/2022 09:24:44 DEBUG: Starting new HTTPS connection (1): page-loader.hexlet.repl.co:443
15/06/2022 09:24:45 DEBUG: https://page-loader.hexlet.repl.co:443 "GET /assets/professions/nodejs.png HTTP/1.1" 200 11765
15/06/2022 09:24:45 INFO: file 'page-loader-hexlet-repl-co-assets-professions-nodejs.png' downloaded in '/home/victor/python/test/page-loader-hexlet-repl-co_files'
15/06/2022 09:24:45 INFO: name /assets/professions/nodejs.png replaced with page-loader-hexlet-repl-co_files/page-loader-hexlet-repl-co-assets-professions-nodejs.png
15/06/2022 09:24:45 INFO: trying to download file: 'https://page-loader.hexlet.repl.co/assets/application.css' with name 'page-loader-hexlet-repl-co-assets-application.css'
15/06/2022 09:24:45 DEBUG: Starting new HTTPS connection (1): page-loader.hexlet.repl.co:443
15/06/2022 09:24:45 DEBUG: https://page-loader.hexlet.repl.co:443 "GET /assets/application.css HTTP/1.1" 200 28
15/06/2022 09:24:45 INFO: file 'page-loader-hexlet-repl-co-assets-application.css' downloaded in '/home/victor/python/test/page-loader-hexlet-repl-co_files'
15/06/2022 09:24:45 INFO: name /assets/application.css replaced with page-loader-hexlet-repl-co_files/page-loader-hexlet-repl-co-assets-application.css
15/06/2022 09:24:45 INFO: trying to download file: 'https://page-loader.hexlet.repl.co/courses' with name 'page-loader-hexlet-repl-co-courses.html'
15/06/2022 09:24:45 DEBUG: Starting new HTTPS connection (1): page-loader.hexlet.repl.co:443
15/06/2022 09:24:46 DEBUG: https://page-loader.hexlet.repl.co:443 "GET /courses HTTP/1.1" 302 32
15/06/2022 09:24:46 DEBUG: https://page-loader.hexlet.repl.co:443 "GET /courses/ HTTP/1.1" 200 594
15/06/2022 09:24:46 INFO: file 'page-loader-hexlet-repl-co-courses.html' downloaded in '/home/victor/python/test/page-loader-hexlet-repl-co_files'
15/06/2022 09:24:46 INFO: name /courses replaced with page-loader-hexlet-repl-co_files/page-loader-hexlet-repl-co-courses.html
15/06/2022 09:24:46 INFO: trying to download file: 'https://page-loader.hexlet.repl.co/script.js' with name 'page-loader-hexlet-repl-co-script.js'
15/06/2022 09:24:46 DEBUG: Starting new HTTPS connection (1): page-loader.hexlet.repl.co:443
15/06/2022 09:24:46 DEBUG: https://page-loader.hexlet.repl.co:443 "GET /script.js HTTP/1.1" 200 35
15/06/2022 09:24:46 INFO: file 'page-loader-hexlet-repl-co-script.js' downloaded in '/home/victor/python/test/page-loader-hexlet-repl-co_files'
15/06/2022 09:24:46 INFO: name /script.js replaced with page-loader-hexlet-repl-co_files/page-loader-hexlet-repl-co-script.js
15/06/2022 09:24:46 INFO: Finish loader_engine

15/06/2022 09:43:03 INFO: Start loader_engine https://page-loader.hexlet.repl.c8o/
15/06/2022 09:43:03 DEBUG: Starting new HTTPS connection (1): page-loader.hexlet.repl.c8o:443
15/06/2022 09:48:52 INFO: Start loader_engine https://page-loader.hexlet.repl.co/
15/06/2022 09:48:52 DEBUG: Starting new HTTPS connection (1): page-loader.hexlet.repl.co:443
15/06/2022 09:48:52 DEBUG: https://page-loader.hexlet.repl.co:443 "GET / HTTP/1.1" 200 594
15/06/2022 09:48:52 INFO: trying to download file: 'https://page-loader.hexlet.repl.co/assets/professions/nodejs.png' with name 'page-loader-hexlet-repl-co-assets-professions-nodejs.png'
15/06/2022 09:48:52 DEBUG: Starting new HTTPS connection (1): page-loader.hexlet.repl.co:443
15/06/2022 09:48:53 DEBUG: https://page-loader.hexlet.repl.co:443 "GET /assets/professions/nodejs.png HTTP/1.1" 200 11765
15/06/2022 09:48:53 INFO: file 'page-loader-hexlet-repl-co-assets-professions-nodejs.png' downloaded in '/home/victor/python/test/page-loader-hexlet-repl-co_files'
15/06/2022 09:48:53 INFO: name /assets/professions/nodejs.png replaced with page-loader-hexlet-repl-co_files/page-loader-hexlet-repl-co-assets-professions-nodejs.png
15/06/2022 09:48:53 INFO: trying to download file: 'https://page-loader.hexlet.repl.co/assets/application.css' with name 'page-loader-hexlet-repl-co-assets-application.css'
15/06/2022 09:48:53 DEBUG: Starting new HTTPS connection (1): page-loader.hexlet.repl.co:443
15/06/2022 09:48:53 DEBUG: https://page-loader.hexlet.repl.co:443 "GET /assets/application.css HTTP/1.1" 200 28
15/06/2022 09:48:53 INFO: file 'page-loader-hexlet-repl-co-assets-application.css' downloaded in '/home/victor/python/test/page-loader-hexlet-repl-co_files'
15/06/2022 09:48:53 INFO: name /assets/application.css replaced with page-loader-hexlet-repl-co_files/page-loader-hexlet-repl-co-assets-application.css
15/06/2022 09:48:53 INFO: trying to download file: 'https://page-loader.hexlet.repl.co/courses' with name 'page-loader-hexlet-repl-co-courses.html'
15/06/2022 09:48:53 DEBUG: Starting new HTTPS connection (1): page-loader.hexlet.repl.co:443
15/06/2022 09:48:54 DEBUG: https://page-loader.hexlet.repl.co:443 "GET /courses HTTP/1.1" 302 32
15/06/2022 09:48:54 DEBUG: https://page-loader.hexlet.repl.co:443 "GET /courses/ HTTP/1.1" 200 594
15/06/2022 09:48:54 INFO: file 'page-loader-hexlet-repl-co-courses.html' downloaded in '/home/victor/python/test/page-loader-hexlet-repl-co_files'
15/06/2022 09:48:54 INFO: name /courses replaced with page-loader-hexlet-repl-co_files/page-loader-hexlet-repl-co-courses.html
15/06/2022 09:48:54 INFO: trying to download file: 'https://page-loader.hexlet.repl.co/script.js' with name 'page-loader-hexlet-repl-co-script.js'
15/06/2022 09:48:54 DEBUG: Starting new HTTPS connection (1): page-loader.hexlet.repl.co:443
15/06/2022 09:48:59 DEBUG: https://page-loader.hexlet.repl.co:443 "GET /script.js HTTP/1.1" 200 35
15/06/2022 09:48:59 INFO: file 'page-loader-hexlet-repl-co-script.js' downloaded in '/home/victor/python/test/page-loader-hexlet-repl-co_files'
15/06/2022 09:48:59 INFO: name /script.js replaced with page-loader-hexlet-repl-co_files/page-loader-hexlet-repl-co-script.js
15/06/2022 09:48:59 INFO: Finish loader_engine

15/06/2022 09:49:02 INFO: Start loader_engine https://page-loader.hexlet.re1pl.co/
15/06/2022 09:49:02 DEBUG: Starting new HTTPS connection (1): page-loader.hexlet.re1pl.co:443
15/06/2022 09:58:37 INFO: Start loader_engine https://page-loader.hexlet.re3pl.co/
15/06/2022 09:58:37 DEBUG: Starting new HTTPS connection (1): page-loader.hexlet.re3pl.co:443
15/06/2022 09:58:57 ERROR: connection to 'https://page-loader.hexlet.re3pl.co/' failed

15/06/2022 09:59:43 INFO: Start loader_engine https://page-loader.hexlet.re3pl.co/
15/06/2022 09:59:43 DEBUG: Starting new HTTPS connection (1): page-loader.hexlet.re3pl.co:443
15/06/2022 09:59:43 ERROR: connection to 'https://page-loader.hexlet.re3pl.co/' failed

15/06/2022 09:59:48 INFO: Start loader_engine https://page-loader.hexlet.re3pl.co/
15/06/2022 09:59:48 DEBUG: Starting new HTTPS connection (1): page-loader.hexlet.re3pl.co:443
15/06/2022 09:59:54 ERROR: connection to 'https://page-loader.hexlet.re3pl.co/' failed

15/06/2022 10:00:25 INFO: Start loader_engine https://page-loader.hexlet.re3pl.co/
15/06/2022 10:00:25 DEBUG: Starting new HTTPS connection (1): page-loader.hexlet.re3pl.co:443
15/06/2022 10:00:25 ERROR: connection to 'https://page-loader.hexlet.re3pl.co/' failed

15/06/2022 10:00:27 INFO: Start loader_engine https://page-loader.hexlet.re3pl.co/
15/06/2022 10:00:27 DEBUG: Starting new HTTPS connection (1): page-loader.hexlet.re3pl.co:443
15/06/2022 10:00:37 ERROR: connection to 'https://page-loader.hexlet.re3pl.co/' failed

15/06/2022 10:01:37 INFO: Start loader_engine https://page-loader.hexlet.re3pl.co/
15/06/2022 10:01:37 DEBUG: Starting new HTTPS connection (1): page-loader.hexlet.re3pl.co:443
15/06/2022 10:01:42 ERROR: Connection to 'https://page-loader.hexlet.re3pl.co/' failed. Exit.

15/06/2022 10:02:39 INFO: Start loader_engine https://page-loader.hexlet.re3pl.co/
15/06/2022 10:02:39 DEBUG: Starting new HTTPS connection (1): page-loader.hexlet.re3pl.co:443
15/06/2022 10:03:19 INFO: Start loader_engine https://page-loader.hexlet.re3pl.co/
15/06/2022 10:03:19 DEBUG: Starting new HTTPS connection (1): page-loader.hexlet.re3pl.co:443
15/06/2022 10:05:56 INFO: Start loader_engine https://page-loader.hexlet.re3pl.co/
15/06/2022 10:05:56 DEBUG: Starting new HTTPS connection (1): page-loader.hexlet.re3pl.co:443
15/06/2022 10:06:45 INFO: Start loader_engine https://page-loader.hexlet.re3pl.co/
15/06/2022 10:06:45 DEBUG: Starting new HTTPS connection (1): page-loader.hexlet.re3pl.co:443
15/06/2022 10:06:51 ERROR: Connection to 'https://page-loader.hexlet.re3pl.co/' failed. Exit.

15/06/2022 10:33:40 INFO: Start loader_engine https://page-loader.hexlet.re3pl.co/
15/06/2022 10:33:40 DEBUG: Starting new HTTPS connection (1): page-loader.hexlet.re3pl.co:443
15/06/2022 10:33:50 ERROR: Connection to 'https://page-loader.hexlet.re3pl.co/' failed. Exit.

16/06/2022 08:15:35 INFO: Start loader_engine https://page-loader.hexlet.re3pl.co/
16/06/2022 08:15:35 DEBUG: Starting new HTTPS connection (1): page-loader.hexlet.re3pl.co:443
16/06/2022 08:15:36 ERROR: Connection to 'https://page-loader.hexlet.re3pl.co/' failed. Exit.

16/06/2022 08:15:45 INFO: Start loader_engine https://page-loader.hexlet.repl.co/
16/06/2022 08:15:45 DEBUG: Starting new HTTPS connection (1): page-loader.hexlet.repl.co:443
16/06/2022 08:15:48 DEBUG: https://page-loader.hexlet.repl.co:443 "GET / HTTP/1.1" 200 594
16/06/2022 08:15:48 INFO: trying to download file: 'https://page-loader.hexlet.repl.co/assets/professions/nodejs.png' with name 'page-loader-hexlet-repl-co-assets-professions-nodejs.png'
16/06/2022 08:15:48 DEBUG: Starting new HTTPS connection (1): page-loader.hexlet.repl.co:443
16/06/2022 08:16:04 DEBUG: https://page-loader.hexlet.repl.co:443 "GET /assets/professions/nodejs.png HTTP/1.1" 200 11765
16/06/2022 08:16:04 INFO: file 'page-loader-hexlet-repl-co-assets-professions-nodejs.png' downloaded in '/home/victor/python/test/page-loader-hexlet-repl-co_files'
16/06/2022 08:16:04 INFO: name /assets/professions/nodejs.png replaced with page-loader-hexlet-repl-co_files/page-loader-hexlet-repl-co-assets-professions-nodejs.png
16/06/2022 08:16:04 INFO: trying to download file: 'https://page-loader.hexlet.repl.co/assets/application.css' with name 'page-loader-hexlet-repl-co-assets-application.css'
16/06/2022 08:16:04 DEBUG: Starting new HTTPS connection (1): page-loader.hexlet.repl.co:443
16/06/2022 08:16:05 DEBUG: https://page-loader.hexlet.repl.co:443 "GET /assets/application.css HTTP/1.1" 200 28
16/06/2022 08:16:05 INFO: file 'page-loader-hexlet-repl-co-assets-application.css' downloaded in '/home/victor/python/test/page-loader-hexlet-repl-co_files'
16/06/2022 08:16:05 INFO: name /assets/application.css replaced with page-loader-hexlet-repl-co_files/page-loader-hexlet-repl-co-assets-application.css
16/06/2022 08:16:05 INFO: trying to download file: 'https://page-loader.hexlet.repl.co/courses' with name 'page-loader-hexlet-repl-co-courses.html'
16/06/2022 08:16:05 DEBUG: Starting new HTTPS connection (1): page-loader.hexlet.repl.co:443
16/06/2022 08:16:11 DEBUG: https://page-loader.hexlet.repl.co:443 "GET /courses HTTP/1.1" 302 32
16/06/2022 08:16:11 DEBUG: https://page-loader.hexlet.repl.co:443 "GET /courses/ HTTP/1.1" 200 594
16/06/2022 08:16:11 INFO: file 'page-loader-hexlet-repl-co-courses.html' downloaded in '/home/victor/python/test/page-loader-hexlet-repl-co_files'
16/06/2022 08:16:11 INFO: name /courses replaced with page-loader-hexlet-repl-co_files/page-loader-hexlet-repl-co-courses.html
16/06/2022 08:16:11 INFO: trying to download file: 'https://page-loader.hexlet.repl.co/script.js' with name 'page-loader-hexlet-repl-co-script.js'
16/06/2022 08:16:11 DEBUG: Starting new HTTPS connection (1): page-loader.hexlet.repl.co:443
16/06/2022 08:16:16 DEBUG: https://page-loader.hexlet.repl.co:443 "GET /script.js HTTP/1.1" 200 35
16/06/2022 08:16:16 INFO: file 'page-loader-hexlet-repl-co-script.js' downloaded in '/home/victor/python/test/page-loader-hexlet-repl-co_files'
16/06/2022 08:16:16 INFO: name /script.js replaced with page-loader-hexlet-repl-co_files/page-loader-hexlet-repl-co-script.js
16/06/2022 08:16:16 INFO: Finish loader_engine

16/06/2022 09:33:57 INFO: Start loader_engine https://tproger.ru/det
16/06/2022 09:33:57 DEBUG: Starting new HTTPS connection (1): tproger.ru:443
16/06/2022 09:33:58 DEBUG: https://tproger.ru:443 "GET /det HTTP/1.1" 404 None
16/06/2022 09:33:58 INFO: trying to download file: 'https://tproger.ru/wp-content/themes/gecko/system/assets/404/404.css' with name 'tproger-ru-wp-content-themes-gecko-system-assets-404-404.css'
16/06/2022 09:33:58 DEBUG: Starting new HTTPS connection (1): tproger.ru:443
16/06/2022 09:33:59 DEBUG: https://tproger.ru:443 "GET /wp-content/themes/gecko/system/assets/404/404.css HTTP/1.1" 200 None
16/06/2022 09:33:59 INFO: file 'tproger-ru-wp-content-themes-gecko-system-assets-404-404.css' downloaded in '/home/victor/python/test/tproger-ru-det_files'
16/06/2022 09:33:59 INFO: name https://tproger.ru/wp-content/themes/gecko/system/assets/404/404.css replaced with tproger-ru-det_files/tproger-ru-wp-content-themes-gecko-system-assets-404-404.css
16/06/2022 09:33:59 INFO: trying to download file: 'https://tproger.ru/wp-content/themes/gecko/system/assets/404/404_RandomVideo.js' with name 'tproger-ru-wp-content-themes-gecko-system-assets-404-404-RandomVideo.js'
16/06/2022 09:33:59 DEBUG: Starting new HTTPS connection (1): tproger.ru:443
16/06/2022 09:33:59 DEBUG: https://tproger.ru:443 "GET /wp-content/themes/gecko/system/assets/404/404_RandomVideo.js HTTP/1.1" 200 None
16/06/2022 09:33:59 INFO: file 'tproger-ru-wp-content-themes-gecko-system-assets-404-404-RandomVideo.js' downloaded in '/home/victor/python/test/tproger-ru-det_files'
16/06/2022 09:33:59 INFO: name https://tproger.ru/wp-content/themes/gecko/system/assets/404/404_RandomVideo.js replaced with tproger-ru-det_files/tproger-ru-wp-content-themes-gecko-system-assets-404-404-RandomVideo.js
16/06/2022 09:33:59 INFO: trying to download file: 'https://tproger.ru/wp-content/themes/gecko/system/assets/404/404_coub.js' with name 'tproger-ru-wp-content-themes-gecko-system-assets-404-404-coub.js'
16/06/2022 09:33:59 DEBUG: Starting new HTTPS connection (1): tproger.ru:443
16/06/2022 09:33:59 DEBUG: https://tproger.ru:443 "GET /wp-content/themes/gecko/system/assets/404/404_coub.js HTTP/1.1" 200 None
16/06/2022 09:33:59 INFO: file 'tproger-ru-wp-content-themes-gecko-system-assets-404-404-coub.js' downloaded in '/home/victor/python/test/tproger-ru-det_files'
16/06/2022 09:33:59 INFO: name https://tproger.ru/wp-content/themes/gecko/system/assets/404/404_coub.js replaced with tproger-ru-det_files/tproger-ru-wp-content-themes-gecko-system-assets-404-404-coub.js
16/06/2022 09:33:59 INFO: trying to download file: 'https://tproger.ru/wp-content/themes/gecko/system/assets/404/404_report.js' with name 'tproger-ru-wp-content-themes-gecko-system-assets-404-404-report.js'
16/06/2022 09:33:59 DEBUG: Starting new HTTPS connection (1): tproger.ru:443
16/06/2022 09:33:59 DEBUG: https://tproger.ru:443 "GET /wp-content/themes/gecko/system/assets/404/404_report.js HTTP/1.1" 200 None
16/06/2022 09:33:59 INFO: file 'tproger-ru-wp-content-themes-gecko-system-assets-404-404-report.js' downloaded in '/home/victor/python/test/tproger-ru-det_files'
16/06/2022 09:33:59 INFO: name https://tproger.ru/wp-content/themes/gecko/system/assets/404/404_report.js replaced with tproger-ru-det_files/tproger-ru-wp-content-themes-gecko-system-assets-404-404-report.js
16/06/2022 09:33:59 INFO: trying to download file: 'https://tproger.ru/wp-content/themes/gecko/system/assets/404/404_logo_egg.js' with name 'tproger-ru-wp-content-themes-gecko-system-assets-404-404-logo-egg.js'
16/06/2022 09:33:59 DEBUG: Starting new HTTPS connection (1): tproger.ru:443
16/06/2022 09:33:59 DEBUG: https://tproger.ru:443 "GET /wp-content/themes/gecko/system/assets/404/404_logo_egg.js HTTP/1.1" 200 None
16/06/2022 09:33:59 INFO: file 'tproger-ru-wp-content-themes-gecko-system-assets-404-404-logo-egg.js' downloaded in '/home/victor/python/test/tproger-ru-det_files'
16/06/2022 09:33:59 INFO: name https://tproger.ru/wp-content/themes/gecko/system/assets/404/404_logo_egg.js replaced with tproger-ru-det_files/tproger-ru-wp-content-themes-gecko-system-assets-404-404-logo-egg.js
16/06/2022 09:33:59 INFO: trying to download file: 'https://tproger.ru/wp-content/themes/gecko/system/assets/404/404_vk_posts_counter.js' with name 'tproger-ru-wp-content-themes-gecko-system-assets-404-404-vk-posts-counter.js'
16/06/2022 09:33:59 DEBUG: Starting new HTTPS connection (1): tproger.ru:443
16/06/2022 09:33:59 DEBUG: https://tproger.ru:443 "GET /wp-content/themes/gecko/system/assets/404/404_vk_posts_counter.js HTTP/1.1" 200 None
16/06/2022 09:33:59 INFO: file 'tproger-ru-wp-content-themes-gecko-system-assets-404-404-vk-posts-counter.js' downloaded in '/home/victor/python/test/tproger-ru-det_files'
16/06/2022 09:33:59 INFO: name https://tproger.ru/wp-content/themes/gecko/system/assets/404/404_vk_posts_counter.js replaced with tproger-ru-det_files/tproger-ru-wp-content-themes-gecko-system-assets-404-404-vk-posts-counter.js
16/06/2022 09:33:59 INFO: Finish loader_engine

16/06/2022 10:25:02 INFO: Start loader_engine https://tproger.ru/det
16/06/2022 10:25:02 DEBUG: Starting new HTTPS connection (1): tproger.ru:443
16/06/2022 10:25:06 DEBUG: https://tproger.ru:443 "GET /det HTTP/1.1" 404 None
16/06/2022 10:25:06 ERROR: Request has failed with status code=404 Client Error: Not Found for url: https://tproger.ru/det. Exit.

16/06/2022 10:26:25 INFO: Start loader_engine https://tproger.ru/det
16/06/2022 10:26:25 DEBUG: Starting new HTTPS connection (1): tproger.ru:443
16/06/2022 10:26:25 DEBUG: https://tproger.ru:443 "GET /det HTTP/1.1" 404 None
16/06/2022 10:26:25 ERROR: Request has failed with status code=None. Exit.

16/06/2022 10:26:52 INFO: Start loader_engine https://tproger.ru/det
16/06/2022 10:26:52 DEBUG: Starting new HTTPS connection (1): tproger.ru:443
16/06/2022 10:26:52 DEBUG: https://tproger.ru:443 "GET /det HTTP/1.1" 404 None
16/06/2022 10:26:52 ERROR: Request has failed with status code=<Response [404]>. Exit.

16/06/2022 10:27:41 INFO: Start loader_engine https://tproger.ru/det
16/06/2022 10:27:41 DEBUG: Starting new HTTPS connection (1): tproger.ru:443
16/06/2022 10:27:42 DEBUG: https://tproger.ru:443 "GET /det HTTP/1.1" 404 None
16/06/2022 10:27:42 ERROR: Request has failed with status code=None. Exit.

16/06/2022 10:27:57 INFO: Start loader_engine https://tproger.ru/det
16/06/2022 10:27:57 DEBUG: Starting new HTTPS connection (1): tproger.ru:443
16/06/2022 10:27:57 DEBUG: https://tproger.ru:443 "GET /det HTTP/1.1" 404 None
16/06/2022 10:27:57 ERROR: Request has failed with status code=<PreparedRequest [GET]>. Exit.

16/06/2022 10:28:45 INFO: Start loader_engine https://tproger.ru/det
16/06/2022 10:28:45 DEBUG: Starting new HTTPS connection (1): tproger.ru:443
16/06/2022 10:28:46 DEBUG: https://tproger.ru:443 "GET /det HTTP/1.1" 404 None
16/06/2022 10:28:46 ERROR: Request has failed with response: <Response [404]>. Exit.

16/06/2022 10:29:18 INFO: Start loader_engine https://tproger.ru/det
16/06/2022 10:29:18 DEBUG: Starting new HTTPS connection (1): tproger.ru:443
16/06/2022 10:29:18 DEBUG: https://tproger.ru:443 "GET /det HTTP/1.1" 404 None
16/06/2022 10:29:18 ERROR: Request has failed with response: <class 'requests.models.Response'>. Exit.

16/06/2022 10:30:10 INFO: Start loader_engine https://tproger.ru/det
16/06/2022 10:30:10 DEBUG: Starting new HTTPS connection (1): tproger.ru:443
16/06/2022 10:30:15 DEBUG: https://tproger.ru:443 "GET /det HTTP/1.1" 404 None
16/06/2022 10:31:18 INFO: Start loader_engine https://tproger.ru/det
16/06/2022 10:31:18 DEBUG: Starting new HTTPS connection (1): tproger.ru:443
16/06/2022 10:31:19 DEBUG: https://tproger.ru:443 "GET /det HTTP/1.1" 404 None
16/06/2022 10:31:19 ERROR: Request has failed with response: 404. Exit.

16/06/2022 10:31:38 INFO: Start loader_engine https://tproger.ru/det
16/06/2022 10:31:38 DEBUG: Starting new HTTPS connection (1): tproger.ru:443
16/06/2022 10:31:39 DEBUG: https://tproger.ru:443 "GET /det HTTP/1.1" 404 None
16/06/2022 10:32:04 INFO: Start loader_engine https://tproger.ru/det
16/06/2022 10:32:04 DEBUG: Starting new HTTPS connection (1): tproger.ru:443
16/06/2022 10:32:04 DEBUG: https://tproger.ru:443 "GET /det HTTP/1.1" 404 None
16/06/2022 10:32:04 ERROR: Request has failed with status code=404. Exit.

16/06/2022 10:45:27 INFO: Start loader_engine https://tproger.ru/det
16/06/2022 10:45:27 DEBUG: Starting new HTTPS connection (1): tproger.ru:443
16/06/2022 10:45:27 DEBUG: https://tproger.ru:443 "GET /det HTTP/1.1" 404 None
16/06/2022 10:45:27 ERROR: Request has failed with status code=404. Exit.

16/06/2022 10:46:03 INFO: Start loader_engine https://tproger.ru/det
16/06/2022 10:46:03 DEBUG: Starting new HTTPS connection (1): tproger.ru:443
16/06/2022 10:46:04 DEBUG: https://tproger.ru:443 "GET /det HTTP/1.1" 404 None
16/06/2022 10:46:04 ERROR: Request has failed with status code=404. Exit.

16/06/2022 11:22:03 INFO: Start loader_engine https://tproger.ru/det
16/06/2022 11:22:03 DEBUG: Starting new HTTPS connection (1): tproger.ru:443
16/06/2022 11:22:04 DEBUG: https://tproger.ru:443 "GET /det HTTP/1.1" 404 None
16/06/2022 11:22:04 ERROR: Request has failed with status code=404. Exit.

17/06/2022 07:29:34 INFO: Start loader_engine https://tproger.ru/det
17/06/2022 07:29:34 DEBUG: Starting new HTTPS connection (1): tproger.ru:443
17/06/2022 07:29:34 DEBUG: https://tproger.ru:443 "GET /det HTTP/1.1" 404 None
17/06/2022 07:29:34 ERROR: Request has failed with status code=404. Exit.

17/06/2022 07:30:46 INFO: Start loader_engine https://page-loader.hexlet.repl.co/
17/06/2022 07:30:46 DEBUG: Starting new HTTPS connection (1): page-loader.hexlet.repl.co:443
17/06/2022 07:30:47 DEBUG: https://page-loader.hexlet.repl.co:443 "GET / HTTP/1.1" 200 594
17/06/2022 07:30:47 INFO: trying to download file: 'https://page-loader.hexlet.repl.co/assets/professions/nodejs.png' with name 'page-loader-hexlet-repl-co-assets-professions-nodejs.png'
17/06/2022 07:30:47 DEBUG: Starting new HTTPS connection (1): page-loader.hexlet.repl.co:443
17/06/2022 07:30:48 DEBUG: https://page-loader.hexlet.repl.co:443 "GET /assets/professions/nodejs.png HTTP/1.1" 200 11765
17/06/2022 07:30:48 INFO: file 'page-loader-hexlet-repl-co-assets-professions-nodejs.png' downloaded in '/home/victor/python/test/page-loader-hexlet-repl-co_files'
17/06/2022 07:30:48 INFO: name /assets/professions/nodejs.png replaced with page-loader-hexlet-repl-co_files/page-loader-hexlet-repl-co-assets-professions-nodejs.png
17/06/2022 07:30:48 INFO: trying to download file: 'https://page-loader.hexlet.repl.co/assets/application.css' with name 'page-loader-hexlet-repl-co-assets-application.css'
17/06/2022 07:30:48 DEBUG: Starting new HTTPS connection (1): page-loader.hexlet.repl.co:443
17/06/2022 07:30:48 DEBUG: https://page-loader.hexlet.repl.co:443 "GET /assets/application.css HTTP/1.1" 200 28
17/06/2022 07:30:48 INFO: file 'page-loader-hexlet-repl-co-assets-application.css' downloaded in '/home/victor/python/test/page-loader-hexlet-repl-co_files'
17/06/2022 07:30:48 INFO: name /assets/application.css replaced with page-loader-hexlet-repl-co_files/page-loader-hexlet-repl-co-assets-application.css
17/06/2022 07:30:48 INFO: trying to download file: 'https://page-loader.hexlet.repl.co/courses' with name 'page-loader-hexlet-repl-co-courses.html'
17/06/2022 07:30:48 DEBUG: Starting new HTTPS connection (1): page-loader.hexlet.repl.co:443
17/06/2022 07:30:49 DEBUG: https://page-loader.hexlet.repl.co:443 "GET /courses HTTP/1.1" 302 32
17/06/2022 07:30:49 DEBUG: https://page-loader.hexlet.repl.co:443 "GET /courses/ HTTP/1.1" 200 594
17/06/2022 07:30:49 INFO: file 'page-loader-hexlet-repl-co-courses.html' downloaded in '/home/victor/python/test/page-loader-hexlet-repl-co_files'
17/06/2022 07:30:49 INFO: name /courses replaced with page-loader-hexlet-repl-co_files/page-loader-hexlet-repl-co-courses.html
17/06/2022 07:30:49 INFO: trying to download file: 'https://page-loader.hexlet.repl.co/script.js' with name 'page-loader-hexlet-repl-co-script.js'
17/06/2022 07:30:49 DEBUG: Starting new HTTPS connection (1): page-loader.hexlet.repl.co:443
17/06/2022 07:30:49 DEBUG: https://page-loader.hexlet.repl.co:443 "GET /script.js HTTP/1.1" 200 35
17/06/2022 07:30:49 INFO: file 'page-loader-hexlet-repl-co-script.js' downloaded in '/home/victor/python/test/page-loader-hexlet-repl-co_files'
17/06/2022 07:30:49 INFO: name /script.js replaced with page-loader-hexlet-repl-co_files/page-loader-hexlet-repl-co-script.js
17/06/2022 07:30:49 INFO: Finish loader_engine

17/06/2022 07:30:58 INFO: Start loader_engine https://page-loader.hexlet.re3pl.co/
17/06/2022 07:30:58 DEBUG: Starting new HTTPS connection (1): page-loader.hexlet.re3pl.co:443
17/06/2022 07:30:58 ERROR: Connection to 'https://page-loader.hexlet.re3pl.co/' failed. Exit.

17/06/2022 07:31:27 INFO: Start loader_engine https://page-loader.hexlet.re3pl.co/
17/06/2022 07:31:27 DEBUG: Starting new HTTPS connection (1): page-loader.hexlet.re3pl.co:443
17/06/2022 07:31:27 ERROR: Connection to https://page-loader.hexlet.re3pl.co/ failed. Exit.

17/06/2022 07:32:31 INFO: Start loader_engine https://page-loader.hexlet.repl.co/
17/06/2022 07:32:31 DEBUG: Starting new HTTPS connection (1): page-loader.hexlet.repl.co:443
17/06/2022 07:32:37 DEBUG: https://page-loader.hexlet.repl.co:443 "GET / HTTP/1.1" 200 594
17/06/2022 07:32:37 ERROR: directory '/home/victor/python/test/page-loader-hexlet-repl-co_files' already exists. Can't be created. Exit.

17/06/2022 08:31:04 INFO: Start loader_engine https://gs-labs.ru/
17/06/2022 08:31:04 DEBUG: Starting new HTTPS connection (1): gs-labs.ru:443
17/06/2022 08:31:09 DEBUG: https://gs-labs.ru:443 "GET / HTTP/1.1" 200 None
17/06/2022 08:31:09 WARNING: file js/lib.js?v=436122746 is not valid and won't be downloaded
17/06/2022 08:31:09 INFO: trying to download file: 'https://gs-labs.ru/upload/iblock/f76/f769a15eb362b1132713a66e1e5823b5.png' with name 'gs-labs-ru-upload-iblock-f76-f769a15eb362b1132713a66e1e5823b5.png'
17/06/2022 08:31:09 DEBUG: Starting new HTTPS connection (1): gs-labs.ru:443
17/06/2022 08:31:09 DEBUG: https://gs-labs.ru:443 "GET /upload/iblock/f76/f769a15eb362b1132713a66e1e5823b5.png HTTP/1.1" 200 81761
17/06/2022 08:31:09 INFO: file 'gs-labs-ru-upload-iblock-f76-f769a15eb362b1132713a66e1e5823b5.png' downloaded in '/home/victor/python/test/gs-labs-ru_files'
17/06/2022 08:31:09 INFO: name /upload/iblock/f76/f769a15eb362b1132713a66e1e5823b5.png replaced with gs-labs-ru_files/gs-labs-ru-upload-iblock-f76-f769a15eb362b1132713a66e1e5823b5.png
17/06/2022 08:31:09 INFO: trying to download file: 'https://gs-labs.ru/upload/iblock/900/9002693607cca7f73b48614a56b24a4e.png' with name 'gs-labs-ru-upload-iblock-900-9002693607cca7f73b48614a56b24a4e.png'
17/06/2022 08:31:09 DEBUG: Starting new HTTPS connection (1): gs-labs.ru:443
17/06/2022 08:31:09 DEBUG: https://gs-labs.ru:443 "GET /upload/iblock/900/9002693607cca7f73b48614a56b24a4e.png HTTP/1.1" 200 194252
17/06/2022 08:31:09 INFO: file 'gs-labs-ru-upload-iblock-900-9002693607cca7f73b48614a56b24a4e.png' downloaded in '/home/victor/python/test/gs-labs-ru_files'
17/06/2022 08:31:09 INFO: name /upload/iblock/900/9002693607cca7f73b48614a56b24a4e.png replaced with gs-labs-ru_files/gs-labs-ru-upload-iblock-900-9002693607cca7f73b48614a56b24a4e.png
17/06/2022 08:31:09 INFO: trying to download file: 'https://gs-labs.ru/upload/iblock/755/755918272d8cbf0ffbe20dc21af5291f.png' with name 'gs-labs-ru-upload-iblock-755-755918272d8cbf0ffbe20dc21af5291f.png'
17/06/2022 08:31:09 DEBUG: Starting new HTTPS connection (1): gs-labs.ru:443
17/06/2022 08:31:09 DEBUG: https://gs-labs.ru:443 "GET /upload/iblock/755/755918272d8cbf0ffbe20dc21af5291f.png HTTP/1.1" 200 13316
17/06/2022 08:31:09 INFO: file 'gs-labs-ru-upload-iblock-755-755918272d8cbf0ffbe20dc21af5291f.png' downloaded in '/home/victor/python/test/gs-labs-ru_files'
17/06/2022 08:31:09 INFO: name /upload/iblock/755/755918272d8cbf0ffbe20dc21af5291f.png replaced with gs-labs-ru_files/gs-labs-ru-upload-iblock-755-755918272d8cbf0ffbe20dc21af5291f.png
17/06/2022 08:31:09 INFO: trying to download file: 'https://gs-labs.ru/upload/iblock/172/172d9e15e8c9b5858f7d4c799d9674c0.png' with name 'gs-labs-ru-upload-iblock-172-172d9e15e8c9b5858f7d4c799d9674c0.png'
17/06/2022 08:31:09 DEBUG: Starting new HTTPS connection (1): gs-labs.ru:443
17/06/2022 08:31:09 DEBUG: https://gs-labs.ru:443 "GET /upload/iblock/172/172d9e15e8c9b5858f7d4c799d9674c0.png HTTP/1.1" 200 15409
17/06/2022 08:31:09 INFO: file 'gs-labs-ru-upload-iblock-172-172d9e15e8c9b5858f7d4c799d9674c0.png' downloaded in '/home/victor/python/test/gs-labs-ru_files'
17/06/2022 08:31:09 INFO: name /upload/iblock/172/172d9e15e8c9b5858f7d4c799d9674c0.png replaced with gs-labs-ru_files/gs-labs-ru-upload-iblock-172-172d9e15e8c9b5858f7d4c799d9674c0.png
17/06/2022 08:31:09 INFO: trying to download file: 'https://gs-labs.ru/upload/iblock/98e/98e656ffe9cd8be113743250b8584317.png' with name 'gs-labs-ru-upload-iblock-98e-98e656ffe9cd8be113743250b8584317.png'
17/06/2022 08:31:09 DEBUG: Starting new HTTPS connection (1): gs-labs.ru:443
17/06/2022 08:31:10 DEBUG: https://gs-labs.ru:443 "GET /upload/iblock/98e/98e656ffe9cd8be113743250b8584317.png HTTP/1.1" 200 14644
17/06/2022 08:31:10 INFO: file 'gs-labs-ru-upload-iblock-98e-98e656ffe9cd8be113743250b8584317.png' downloaded in '/home/victor/python/test/gs-labs-ru_files'
17/06/2022 08:31:10 INFO: name /upload/iblock/98e/98e656ffe9cd8be113743250b8584317.png replaced with gs-labs-ru_files/gs-labs-ru-upload-iblock-98e-98e656ffe9cd8be113743250b8584317.png
17/06/2022 08:31:10 INFO: trying to download file: 'https://gs-labs.ru/static/images/advantages1.png' with name 'gs-labs-ru-static-images-advantages1.png'
17/06/2022 08:31:10 DEBUG: Starting new HTTPS connection (1): gs-labs.ru:443
17/06/2022 08:31:10 DEBUG: https://gs-labs.ru:443 "GET /static/images/advantages1.png HTTP/1.1" 200 18685
17/06/2022 08:31:10 INFO: file 'gs-labs-ru-static-images-advantages1.png' downloaded in '/home/victor/python/test/gs-labs-ru_files'
17/06/2022 08:31:10 INFO: name /static/images/advantages1.png replaced with gs-labs-ru_files/gs-labs-ru-static-images-advantages1.png
17/06/2022 08:31:10 INFO: trying to download file: 'https://gs-labs.ru/static/images/advantages2.png' with name 'gs-labs-ru-static-images-advantages2.png'
17/06/2022 08:31:10 DEBUG: Starting new HTTPS connection (1): gs-labs.ru:443
17/06/2022 08:31:10 DEBUG: https://gs-labs.ru:443 "GET /static/images/advantages2.png HTTP/1.1" 200 17419
17/06/2022 08:31:10 INFO: file 'gs-labs-ru-static-images-advantages2.png' downloaded in '/home/victor/python/test/gs-labs-ru_files'
17/06/2022 08:31:10 INFO: name /static/images/advantages2.png replaced with gs-labs-ru_files/gs-labs-ru-static-images-advantages2.png
17/06/2022 08:31:10 INFO: trying to download file: 'https://gs-labs.ru/static/images/advantages3.png' with name 'gs-labs-ru-static-images-advantages3.png'
17/06/2022 08:31:10 DEBUG: Starting new HTTPS connection (1): gs-labs.ru:443
17/06/2022 08:31:10 DEBUG: https://gs-labs.ru:443 "GET /static/images/advantages3.png HTTP/1.1" 200 23023
17/06/2022 08:31:10 INFO: file 'gs-labs-ru-static-images-advantages3.png' downloaded in '/home/victor/python/test/gs-labs-ru_files'
17/06/2022 08:31:10 INFO: name /static/images/advantages3.png replaced with gs-labs-ru_files/gs-labs-ru-static-images-advantages3.png
17/06/2022 08:31:10 INFO: trying to download file: 'https://gs-labs.ru/static/images/advantages4.png' with name 'gs-labs-ru-static-images-advantages4.png'
17/06/2022 08:31:10 DEBUG: Starting new HTTPS connection (1): gs-labs.ru:443
17/06/2022 08:31:10 DEBUG: https://gs-labs.ru:443 "GET /static/images/advantages4.png HTTP/1.1" 200 17472
17/06/2022 08:31:10 INFO: file 'gs-labs-ru-static-images-advantages4.png' downloaded in '/home/victor/python/test/gs-labs-ru_files'
17/06/2022 08:31:10 INFO: name /static/images/advantages4.png replaced with gs-labs-ru_files/gs-labs-ru-static-images-advantages4.png
17/06/2022 08:31:10 INFO: trying to download file: 'https://gs-labs.ru/static/images/advantages5.png' with name 'gs-labs-ru-static-images-advantages5.png'
17/06/2022 08:31:10 DEBUG: Starting new HTTPS connection (1): gs-labs.ru:443
17/06/2022 08:31:10 DEBUG: https://gs-labs.ru:443 "GET /static/images/advantages5.png HTTP/1.1" 200 17150
17/06/2022 08:31:10 INFO: file 'gs-labs-ru-static-images-advantages5.png' downloaded in '/home/victor/python/test/gs-labs-ru_files'
17/06/2022 08:31:10 INFO: name /static/images/advantages5.png replaced with gs-labs-ru_files/gs-labs-ru-static-images-advantages5.png
17/06/2022 08:31:10 INFO: trying to download file: 'https://gs-labs.ru/static/images/advantages6.png' with name 'gs-labs-ru-static-images-advantages6.png'
17/06/2022 08:31:10 DEBUG: Starting new HTTPS connection (1): gs-labs.ru:443
17/06/2022 08:31:15 DEBUG: https://gs-labs.ru:443 "GET /static/images/advantages6.png HTTP/1.1" 200 16606
17/06/2022 08:31:15 INFO: file 'gs-labs-ru-static-images-advantages6.png' downloaded in '/home/victor/python/test/gs-labs-ru_files'
17/06/2022 08:31:15 INFO: name /static/images/advantages6.png replaced with gs-labs-ru_files/gs-labs-ru-static-images-advantages6.png
17/06/2022 08:31:15 INFO: trying to download file: 'https://gs-labs.ru/static/images/tricolorCompany.png' with name 'gs-labs-ru-static-images-tricolorCompany.png'
17/06/2022 08:31:15 DEBUG: Starting new HTTPS connection (1): gs-labs.ru:443
17/06/2022 08:31:15 DEBUG: https://gs-labs.ru:443 "GET /static/images/tricolorCompany.png HTTP/1.1" 200 4716
17/06/2022 08:31:15 INFO: file 'gs-labs-ru-static-images-tricolorCompany.png' downloaded in '/home/victor/python/test/gs-labs-ru_files'
17/06/2022 08:31:15 INFO: name /static/images/tricolorCompany.png replaced with gs-labs-ru_files/gs-labs-ru-static-images-tricolorCompany.png
17/06/2022 08:31:15 INFO: trying to download file: 'https://gs-labs.ru/static/images/rostelecomCompany.png' with name 'gs-labs-ru-static-images-rostelecomCompany.png'
17/06/2022 08:31:15 DEBUG: Starting new HTTPS connection (1): gs-labs.ru:443
17/06/2022 08:31:20 DEBUG: https://gs-labs.ru:443 "GET /static/images/rostelecomCompany.png HTTP/1.1" 200 5402
17/06/2022 08:31:20 INFO: file 'gs-labs-ru-static-images-rostelecomCompany.png' downloaded in '/home/victor/python/test/gs-labs-ru_files'
17/06/2022 08:31:20 INFO: name /static/images/rostelecomCompany.png replaced with gs-labs-ru_files/gs-labs-ru-static-images-rostelecomCompany.png
17/06/2022 08:31:20 INFO: trying to download file: 'https://gs-labs.ru/static/images/belintersatCompany.png' with name 'gs-labs-ru-static-images-belintersatCompany.png'
17/06/2022 08:31:20 DEBUG: Starting new HTTPS connection (1): gs-labs.ru:443
17/06/2022 08:31:20 DEBUG: https://gs-labs.ru:443 "GET /static/images/belintersatCompany.png HTTP/1.1" 200 14613
17/06/2022 08:31:20 INFO: file 'gs-labs-ru-static-images-belintersatCompany.png' downloaded in '/home/victor/python/test/gs-labs-ru_files'
17/06/2022 08:31:20 INFO: name /static/images/belintersatCompany.png replaced with gs-labs-ru_files/gs-labs-ru-static-images-belintersatCompany.png
17/06/2022 08:31:20 INFO: trying to download file: 'https://gs-labs.ru/static/images/etelecom.jpg' with name 'gs-labs-ru-static-images-etelecom.jpg'
17/06/2022 08:31:20 DEBUG: Starting new HTTPS connection (1): gs-labs.ru:443
17/06/2022 08:31:21 DEBUG: https://gs-labs.ru:443 "GET /static/images/etelecom.jpg HTTP/1.1" 200 21708
17/06/2022 08:31:21 INFO: file 'gs-labs-ru-static-images-etelecom.jpg' downloaded in '/home/victor/python/test/gs-labs-ru_files'
17/06/2022 08:31:21 INFO: name /static/images/etelecom.jpg replaced with gs-labs-ru_files/gs-labs-ru-static-images-etelecom.jpg
17/06/2022 08:31:21 INFO: trying to download file: 'https://gs-labs.ru/static/images/ugmk.jpg' with name 'gs-labs-ru-static-images-ugmk.jpg'
17/06/2022 08:31:21 DEBUG: Starting new HTTPS connection (1): gs-labs.ru:443
17/06/2022 08:31:21 DEBUG: https://gs-labs.ru:443 "GET /static/images/ugmk.jpg HTTP/1.1" 200 14901
17/06/2022 08:31:21 INFO: file 'gs-labs-ru-static-images-ugmk.jpg' downloaded in '/home/victor/python/test/gs-labs-ru_files'
17/06/2022 08:31:21 INFO: name /static/images/ugmk.jpg replaced with gs-labs-ru_files/gs-labs-ru-static-images-ugmk.jpg
17/06/2022 08:31:21 INFO: trying to download file: 'https://gs-labs.ru/static/images/gazpromCompany.png' with name 'gs-labs-ru-static-images-gazpromCompany.png'
17/06/2022 08:31:21 DEBUG: Starting new HTTPS connection (1): gs-labs.ru:443
17/06/2022 08:31:26 DEBUG: https://gs-labs.ru:443 "GET /static/images/gazpromCompany.png HTTP/1.1" 200 15077
17/06/2022 08:31:26 INFO: file 'gs-labs-ru-static-images-gazpromCompany.png' downloaded in '/home/victor/python/test/gs-labs-ru_files'
17/06/2022 08:31:26 INFO: name /static/images/gazpromCompany.png replaced with gs-labs-ru_files/gs-labs-ru-static-images-gazpromCompany.png
17/06/2022 08:31:26 INFO: trying to download file: 'https://gs-labs.ru/static/images/rtrsCompany.png' with name 'gs-labs-ru-static-images-rtrsCompany.png'
17/06/2022 08:31:26 DEBUG: Starting new HTTPS connection (1): gs-labs.ru:443
17/06/2022 08:31:26 DEBUG: https://gs-labs.ru:443 "GET /static/images/rtrsCompany.png HTTP/1.1" 200 32443
17/06/2022 08:31:26 INFO: file 'gs-labs-ru-static-images-rtrsCompany.png' downloaded in '/home/victor/python/test/gs-labs-ru_files'
17/06/2022 08:31:26 INFO: name /static/images/rtrsCompany.png replaced with gs-labs-ru_files/gs-labs-ru-static-images-rtrsCompany.png
17/06/2022 08:31:26 INFO: trying to download file: 'https://gs-labs.ru/static/images/trueIPLogo.jpg' with name 'gs-labs-ru-static-images-trueIPLogo.jpg'
17/06/2022 08:31:26 DEBUG: Starting new HTTPS connection (1): gs-labs.ru:443
17/06/2022 08:31:31 DEBUG: https://gs-labs.ru:443 "GET /static/images/trueIPLogo.jpg HTTP/1.1" 200 25094
17/06/2022 08:31:31 INFO: file 'gs-labs-ru-static-images-trueIPLogo.jpg' downloaded in '/home/victor/python/test/gs-labs-ru_files'
17/06/2022 08:31:31 INFO: name /static/images/trueIPLogo.jpg replaced with gs-labs-ru_files/gs-labs-ru-static-images-trueIPLogo.jpg
17/06/2022 08:31:31 INFO: trying to download file: 'https://gs-labs.ru/static/images/neotion.jpg' with name 'gs-labs-ru-static-images-neotion.jpg'
17/06/2022 08:31:31 DEBUG: Starting new HTTPS connection (1): gs-labs.ru:443
17/06/2022 08:31:31 DEBUG: https://gs-labs.ru:443 "GET /static/images/neotion.jpg HTTP/1.1" 200 20926
17/06/2022 08:31:31 INFO: file 'gs-labs-ru-static-images-neotion.jpg' downloaded in '/home/victor/python/test/gs-labs-ru_files'
17/06/2022 08:31:31 INFO: name /static/images/neotion.jpg replaced with gs-labs-ru_files/gs-labs-ru-static-images-neotion.jpg
17/06/2022 08:31:31 INFO: trying to download file: 'https://gs-labs.ru/static/images/features1.png' with name 'gs-labs-ru-static-images-features1.png'
17/06/2022 08:31:31 DEBUG: Starting new HTTPS connection (1): gs-labs.ru:443
17/06/2022 08:31:31 DEBUG: https://gs-labs.ru:443 "GET /static/images/features1.png HTTP/1.1" 200 18795
17/06/2022 08:31:31 INFO: file 'gs-labs-ru-static-images-features1.png' downloaded in '/home/victor/python/test/gs-labs-ru_files'
17/06/2022 08:31:31 INFO: name /static/images/features1.png replaced with gs-labs-ru_files/gs-labs-ru-static-images-features1.png
17/06/2022 08:31:31 INFO: trying to download file: 'https://gs-labs.ru/static/images/features2.png' with name 'gs-labs-ru-static-images-features2.png'
17/06/2022 08:31:31 DEBUG: Starting new HTTPS connection (1): gs-labs.ru:443
17/06/2022 08:31:31 DEBUG: https://gs-labs.ru:443 "GET /static/images/features2.png HTTP/1.1" 200 17428
17/06/2022 08:31:31 INFO: file 'gs-labs-ru-static-images-features2.png' downloaded in '/home/victor/python/test/gs-labs-ru_files'
17/06/2022 08:31:31 INFO: name /static/images/features2.png replaced with gs-labs-ru_files/gs-labs-ru-static-images-features2.png
17/06/2022 08:31:31 INFO: trying to download file: 'https://gs-labs.ru/static/images/features3.png' with name 'gs-labs-ru-static-images-features3.png'
17/06/2022 08:31:31 DEBUG: Starting new HTTPS connection (1): gs-labs.ru:443
17/06/2022 08:31:31 DEBUG: https://gs-labs.ru:443 "GET /static/images/features3.png HTTP/1.1" 200 15813
17/06/2022 08:31:31 INFO: file 'gs-labs-ru-static-images-features3.png' downloaded in '/home/victor/python/test/gs-labs-ru_files'
17/06/2022 08:31:31 INFO: name /static/images/features3.png replaced with gs-labs-ru_files/gs-labs-ru-static-images-features3.png
17/06/2022 08:31:31 INFO: trying to download file: 'https://gs-labs.ru/static/images/features4.png' with name 'gs-labs-ru-static-images-features4.png'
17/06/2022 08:31:31 DEBUG: Starting new HTTPS connection (1): gs-labs.ru:443
17/06/2022 08:31:31 DEBUG: https://gs-labs.ru:443 "GET /static/images/features4.png HTTP/1.1" 200 14054
17/06/2022 08:31:31 INFO: file 'gs-labs-ru-static-images-features4.png' downloaded in '/home/victor/python/test/gs-labs-ru_files'
17/06/2022 08:31:31 INFO: name /static/images/features4.png replaced with gs-labs-ru_files/gs-labs-ru-static-images-features4.png
17/06/2022 08:31:31 INFO: trying to download file: 'https://gs-labs.ru/upload/iblock/5f2/5f2be638fae2bc3bdc9f280fddce8f83.png' with name 'gs-labs-ru-upload-iblock-5f2-5f2be638fae2bc3bdc9f280fddce8f83.png'
17/06/2022 08:31:31 DEBUG: Starting new HTTPS connection (1): gs-labs.ru:443
17/06/2022 08:31:31 DEBUG: https://gs-labs.ru:443 "GET /upload/iblock/5f2/5f2be638fae2bc3bdc9f280fddce8f83.png HTTP/1.1" 200 582708
17/06/2022 08:31:32 INFO: file 'gs-labs-ru-upload-iblock-5f2-5f2be638fae2bc3bdc9f280fddce8f83.png' downloaded in '/home/victor/python/test/gs-labs-ru_files'
17/06/2022 08:31:32 INFO: name /upload/iblock/5f2/5f2be638fae2bc3bdc9f280fddce8f83.png replaced with gs-labs-ru_files/gs-labs-ru-upload-iblock-5f2-5f2be638fae2bc3bdc9f280fddce8f83.png
17/06/2022 08:31:32 INFO: trying to download file: 'https://gs-labs.ru/upload/iblock/bfc/bfcee042004772cd682ef1a31db1d63b.png' with name 'gs-labs-ru-upload-iblock-bfc-bfcee042004772cd682ef1a31db1d63b.png'
17/06/2022 08:31:32 DEBUG: Starting new HTTPS connection (1): gs-labs.ru:443
17/06/2022 08:31:32 DEBUG: https://gs-labs.ru:443 "GET /upload/iblock/bfc/bfcee042004772cd682ef1a31db1d63b.png HTTP/1.1" 200 2108754
17/06/2022 08:31:32 INFO: file 'gs-labs-ru-upload-iblock-bfc-bfcee042004772cd682ef1a31db1d63b.png' downloaded in '/home/victor/python/test/gs-labs-ru_files'
17/06/2022 08:31:32 INFO: name /upload/iblock/bfc/bfcee042004772cd682ef1a31db1d63b.png replaced with gs-labs-ru_files/gs-labs-ru-upload-iblock-bfc-bfcee042004772cd682ef1a31db1d63b.png
17/06/2022 08:31:32 INFO: trying to download file: 'https://gs-labs.ru/upload/iblock/efa/efa7815fa19b66850ad891d26ac1243f.jpg' with name 'gs-labs-ru-upload-iblock-efa-efa7815fa19b66850ad891d26ac1243f.jpg'
17/06/2022 08:31:32 DEBUG: Starting new HTTPS connection (1): gs-labs.ru:443
17/06/2022 08:31:32 DEBUG: https://gs-labs.ru:443 "GET /upload/iblock/efa/efa7815fa19b66850ad891d26ac1243f.jpg HTTP/1.1" 200 30249285
17/06/2022 08:31:35 INFO: file 'gs-labs-ru-upload-iblock-efa-efa7815fa19b66850ad891d26ac1243f.jpg' downloaded in '/home/victor/python/test/gs-labs-ru_files'
17/06/2022 08:31:35 INFO: name /upload/iblock/efa/efa7815fa19b66850ad891d26ac1243f.jpg replaced with gs-labs-ru_files/gs-labs-ru-upload-iblock-efa-efa7815fa19b66850ad891d26ac1243f.jpg
17/06/2022 08:31:35 INFO: trying to download file: 'https://gs-labs.ru/upload/iblock/ae2/ae26b2436d81b8f6a24698b40f2149ad.jpg' with name 'gs-labs-ru-upload-iblock-ae2-ae26b2436d81b8f6a24698b40f2149ad.jpg'
17/06/2022 08:31:35 DEBUG: Starting new HTTPS connection (1): gs-labs.ru:443
17/06/2022 08:31:35 DEBUG: https://gs-labs.ru:443 "GET /upload/iblock/ae2/ae26b2436d81b8f6a24698b40f2149ad.jpg HTTP/1.1" 200 132286
17/06/2022 08:31:35 INFO: file 'gs-labs-ru-upload-iblock-ae2-ae26b2436d81b8f6a24698b40f2149ad.jpg' downloaded in '/home/victor/python/test/gs-labs-ru_files'
17/06/2022 08:31:35 INFO: name /upload/iblock/ae2/ae26b2436d81b8f6a24698b40f2149ad.jpg replaced with gs-labs-ru_files/gs-labs-ru-upload-iblock-ae2-ae26b2436d81b8f6a24698b40f2149ad.jpg
17/06/2022 08:31:35 INFO: trying to download file: 'https://gs-labs.ru/upload/iblock/147/14777429b0c557d829ec0c2d4abade83.jpg' with name 'gs-labs-ru-upload-iblock-147-14777429b0c557d829ec0c2d4abade83.jpg'
17/06/2022 08:31:35 DEBUG: Starting new HTTPS connection (1): gs-labs.ru:443
17/06/2022 08:31:35 DEBUG: https://gs-labs.ru:443 "GET /upload/iblock/147/14777429b0c557d829ec0c2d4abade83.jpg HTTP/1.1" 200 45123
17/06/2022 08:31:35 INFO: file 'gs-labs-ru-upload-iblock-147-14777429b0c557d829ec0c2d4abade83.jpg' downloaded in '/home/victor/python/test/gs-labs-ru_files'
17/06/2022 08:31:35 INFO: name /upload/iblock/147/14777429b0c557d829ec0c2d4abade83.jpg replaced with gs-labs-ru_files/gs-labs-ru-upload-iblock-147-14777429b0c557d829ec0c2d4abade83.jpg
17/06/2022 08:31:35 INFO: trying to download file: 'https://gs-labs.ru/static/images/close.png' with name 'gs-labs-ru-static-images-close.png'
17/06/2022 08:31:35 DEBUG: Starting new HTTPS connection (1): gs-labs.ru:443
17/06/2022 08:31:35 DEBUG: https://gs-labs.ru:443 "GET /static/images/close.png HTTP/1.1" 200 193
17/06/2022 08:31:35 INFO: file 'gs-labs-ru-static-images-close.png' downloaded in '/home/victor/python/test/gs-labs-ru_files'
17/06/2022 08:31:35 INFO: name /static/images/close.png replaced with gs-labs-ru_files/gs-labs-ru-static-images-close.png
17/06/2022 08:31:35 INFO: trying to download file: 'https://gs-labs.ru/static/images/close.png' with name 'gs-labs-ru-static-images-close.png'
17/06/2022 08:31:35 DEBUG: Starting new HTTPS connection (1): gs-labs.ru:443
17/06/2022 08:31:40 DEBUG: https://gs-labs.ru:443 "GET /static/images/close.png HTTP/1.1" 200 193
17/06/2022 08:31:40 INFO: file 'gs-labs-ru-static-images-close.png' downloaded in '/home/victor/python/test/gs-labs-ru_files'
17/06/2022 08:31:40 INFO: name /static/images/close.png replaced with gs-labs-ru_files/gs-labs-ru-static-images-close.png
17/06/2022 08:31:40 INFO: trying to download file: 'https://gs-labs.ru/static/images/svg/success-icon.svg' with name 'gs-labs-ru-static-images-svg-success-icon.svg'
17/06/2022 08:31:40 DEBUG: Starting new HTTPS connection (1): gs-labs.ru:443
17/06/2022 08:31:40 DEBUG: https://gs-labs.ru:443 "GET /static/images/svg/success-icon.svg HTTP/1.1" 200 774
17/06/2022 08:31:40 INFO: file 'gs-labs-ru-static-images-svg-success-icon.svg' downloaded in '/home/victor/python/test/gs-labs-ru_files'
17/06/2022 08:31:40 INFO: name /static/images/svg/success-icon.svg replaced with gs-labs-ru_files/gs-labs-ru-static-images-svg-success-icon.svg
17/06/2022 08:31:40 INFO: trying to download file: 'https://gs-labs.ru/static/images/svg/success-icon.svg' with name 'gs-labs-ru-static-images-svg-success-icon.svg'
17/06/2022 08:31:40 DEBUG: Starting new HTTPS connection (1): gs-labs.ru:443
17/06/2022 08:31:40 DEBUG: https://gs-labs.ru:443 "GET /static/images/svg/success-icon.svg HTTP/1.1" 200 774
17/06/2022 08:31:40 INFO: file 'gs-labs-ru-static-images-svg-success-icon.svg' downloaded in '/home/victor/python/test/gs-labs-ru_files'
17/06/2022 08:31:40 INFO: name /static/images/svg/success-icon.svg replaced with gs-labs-ru_files/gs-labs-ru-static-images-svg-success-icon.svg
17/06/2022 08:31:40 INFO: trying to download file: 'https://gs-labs.ru/static/images/close.png' with name 'gs-labs-ru-static-images-close.png'
17/06/2022 08:31:40 DEBUG: Starting new HTTPS connection (1): gs-labs.ru:443
17/06/2022 08:31:40 DEBUG: https://gs-labs.ru:443 "GET /static/images/close.png HTTP/1.1" 200 193
17/06/2022 08:31:40 INFO: file 'gs-labs-ru-static-images-close.png' downloaded in '/home/victor/python/test/gs-labs-ru_files'
17/06/2022 08:31:40 INFO: name /static/images/close.png replaced with gs-labs-ru_files/gs-labs-ru-static-images-close.png
17/06/2022 08:31:40 INFO: trying to download file: 'https://gs-labs.ru/static/images/close.png' with name 'gs-labs-ru-static-images-close.png'
17/06/2022 08:31:40 DEBUG: Starting new HTTPS connection (1): gs-labs.ru:443
17/06/2022 08:31:40 DEBUG: https://gs-labs.ru:443 "GET /static/images/close.png HTTP/1.1" 200 193
17/06/2022 08:31:40 INFO: file 'gs-labs-ru-static-images-close.png' downloaded in '/home/victor/python/test/gs-labs-ru_files'
17/06/2022 08:31:40 INFO: name /static/images/close.png replaced with gs-labs-ru_files/gs-labs-ru-static-images-close.png
17/06/2022 08:31:40 INFO: trying to download file: 'https://gs-labs.ru/static/images/favicon.ico' with name 'gs-labs-ru-static-images-favicon.ico'
17/06/2022 08:31:40 DEBUG: Starting new HTTPS connection (1): gs-labs.ru:443
17/06/2022 08:31:40 DEBUG: https://gs-labs.ru:443 "GET /static/images/favicon.ico HTTP/1.1" 200 1150
17/06/2022 08:31:40 INFO: file 'gs-labs-ru-static-images-favicon.ico' downloaded in '/home/victor/python/test/gs-labs-ru_files'
17/06/2022 08:31:40 INFO: name /static/images/favicon.ico replaced with gs-labs-ru_files/gs-labs-ru-static-images-favicon.ico
17/06/2022 08:31:40 INFO: trying to download file: 'https://gs-labs.ru/bitrix/cache/css/s1/gslabs-2020-inner/template_da90e7ec5ac03c27e49bc9ae378124f7/template_da90e7ec5ac03c27e49bc9ae378124f7_v1.css' with name 'gs-labs-ru-bitrix-cache-css-s1-gslabs-2020-inner-template-da90e7ec5ac03c27e49bc9ae378124f7-template-da90e7ec5ac03c27e49bc9ae378124f7-v1.css'
17/06/2022 08:31:40 DEBUG: Starting new HTTPS connection (1): gs-labs.ru:443
17/06/2022 08:31:40 DEBUG: https://gs-labs.ru:443 "GET /bitrix/cache/css/s1/gslabs-2020-inner/template_da90e7ec5ac03c27e49bc9ae378124f7/template_da90e7ec5ac03c27e49bc9ae378124f7_v1.css HTTP/1.1" 200 333264
17/06/2022 08:31:41 INFO: file 'gs-labs-ru-bitrix-cache-css-s1-gslabs-2020-inner-template-da90e7ec5ac03c27e49bc9ae378124f7-template-da90e7ec5ac03c27e49bc9ae378124f7-v1.css' downloaded in '/home/victor/python/test/gs-labs-ru_files'
17/06/2022 08:31:41 INFO: name /bitrix/cache/css/s1/gslabs-2020-inner/template_da90e7ec5ac03c27e49bc9ae378124f7/template_da90e7ec5ac03c27e49bc9ae378124f7_v1.css?1651825474333264 replaced with gs-labs-ru_files/gs-labs-ru-bitrix-cache-css-s1-gslabs-2020-inner-template-da90e7ec5ac03c27e49bc9ae378124f7-template-da90e7ec5ac03c27e49bc9ae378124f7-v1.css
17/06/2022 08:31:41 INFO: trying to download file: 'https://gs-labs.ru/js/gtm_compiled__ru.js' with name 'gs-labs-ru-js-gtm-compiled--ru.js'
17/06/2022 08:31:41 DEBUG: Starting new HTTPS connection (1): gs-labs.ru:443
17/06/2022 08:31:41 DEBUG: https://gs-labs.ru:443 "GET /js/gtm_compiled__ru.js HTTP/1.1" 404 None
17/06/2022 08:31:41 ERROR: file 'https://gs-labs.ru/js/gtm_compiled__ru.js' can't be downloaded, status code: 404
17/06/2022 08:31:41 INFO: name /js/gtm_compiled__ru.js?v=436122746 replaced with gs-labs-ru_files/gs-labs-ru-js-gtm-compiled--ru.js
17/06/2022 08:31:41 INFO: trying to download file: 'https://gs-labs.ru/bitrix/cache/js/s1/gslabs-2020-inner/template_95e12b1d272e7871131a021c6dd43905/template_95e12b1d272e7871131a021c6dd43905_v1.js' with name 'gs-labs-ru-bitrix-cache-js-s1-gslabs-2020-inner-template-95e12b1d272e7871131a021c6dd43905-template-95e12b1d272e7871131a021c6dd43905-v1.js'
17/06/2022 08:31:41 DEBUG: Starting new HTTPS connection (1): gs-labs.ru:443
17/06/2022 08:31:41 DEBUG: https://gs-labs.ru:443 "GET /bitrix/cache/js/s1/gslabs-2020-inner/template_95e12b1d272e7871131a021c6dd43905/template_95e12b1d272e7871131a021c6dd43905_v1.js HTTP/1.1" 200 246847
17/06/2022 08:31:41 INFO: file 'gs-labs-ru-bitrix-cache-js-s1-gslabs-2020-inner-template-95e12b1d272e7871131a021c6dd43905-template-95e12b1d272e7871131a021c6dd43905-v1.js' downloaded in '/home/victor/python/test/gs-labs-ru_files'
17/06/2022 08:31:41 INFO: name /bitrix/cache/js/s1/gslabs-2020-inner/template_95e12b1d272e7871131a021c6dd43905/template_95e12b1d272e7871131a021c6dd43905_v1.js?1651825474246847 replaced with gs-labs-ru_files/gs-labs-ru-bitrix-cache-js-s1-gslabs-2020-inner-template-95e12b1d272e7871131a021c6dd43905-template-95e12b1d272e7871131a021c6dd43905-v1.js
17/06/2022 08:31:41 INFO: Finish loader_engine

